<?xml version="1.0" encoding="UTF-8"?>
<testsuite xmlns:xsi="http://www.w3.org/2001/XMLSchema-instance" xsi:noNamespaceSchemaLocation="https://maven.apache.org/surefire/maven-surefire-plugin/xsd/surefire-test-report-3.0.xsd" version="3.0" name="CalculatorTest" time="0.198" tests="4" errors="0" skipped="0" failures="0">
  <properties>
[...]
</properties>
  <testcase name="xpowerY" classname="CalculatorTest" time="0.021">
    <system-out><![CDATA[18:13:16.661 [Calculator.java] INFO  calculator.Calculator - 2.0to the power of 3.0is - 8.0
18:13:16.665 [Calculator.java] INFO  calculator.Calculator - 5.0to the power of 4.0is - 625.0
18:13:16.665 [Calculator.java] INFO  calculator.Calculator - 10392.0to the power of 0.0is - 1.0
18:13:16.665 [Calculator.java] INFO  calculator.Calculator - 2.0to the power of 4.0is - 16.0
18:13:16.666 [Calculator.java] INFO  calculator.Calculator - 4.0to the power of 3.0is - 64.0
]]></system-out>
  </testcase>
  <testcase name="getFactorial" classname="CalculatorTest" time="0.001"/>
  <testcase name="getNaturalLog" classname="CalculatorTest" time="0.002">
    <system-out><![CDATA[18:13:16.670 [Calculator.java] INFO  calculator.Calculator - Natural log of - 9.0 is - 2.1972245773362196
18:13:16.670 [Calculator.java] INFO  calculator.Calculator - Natural log of - 1.0 is - 0.0
18:13:16.670 [Calculator.java] INFO  calculator.Calculator - Natural log of - 15.0 is - 2.70805020110221
]]></system-out>
  </testcase>
  <testcase name="getSquareRoot" classname="CalculatorTest" time="0.002">
    <system-out><![CDATA[18:13:16.672 [Calculator.java] INFO  calculator.Calculator - SquareRoot of - 9 is - 3.0
18:13:16.672 [Calculator.java] INFO  calculator.Calculator - SquareRoot of - 100 is - 10.0
18:13:16.672 [Calculator.java] INFO  calculator.Calculator - SquareRoot of - 16 is - 4.0
18:13:16.672 [Calculator.java] INFO  calculator.Calculator - SquareRoot of - 256 is - 16.0
18:13:16.672 [Calculator.java] INFO  calculator.Calculator - SquareRoot of - 1 is - 1.0
]]></system-out>
  </testcase>
</testsuite>